/home/gig/amazing/amazing: line 6: 25213 Terminated              ruby -I `dirname $0`/lib `dirname $0`/bin/amazing $*
/home/gig/amazing/amazing: line 6: 13722 Terminated              ruby -I `dirname $0`/lib `dirname $0`/bin/amazing $*
/home/gig/amazing/amazing: line 6: 22717 Terminated              ruby -I `dirname $0`/lib `dirname $0`/bin/amazing $*
/home/gig/amazing/amazing: line 6: 24054 Terminated              ruby -I `dirname $0`/lib `dirname $0`/bin/amazing $*
/home/gig/amazing/amazing: line 6: 24306 Terminated              ruby -I `dirname $0`/lib `dirname $0`/bin/amazing $*
/home/gig/amazing/amazing: line 6: 29900 Terminated              ruby -I `dirname $0`/lib `dirname $0`/bin/amazing $*
/home/gig/amazing/amazing: line 6: 30146 Terminated              ruby -I `dirname $0`/lib `dirname $0`/bin/amazing $*
/home/gig/amazing/amazing: line 6: 30300 Terminated              ruby -I `dirname $0`/lib `dirname $0`/bin/amazing $*
/home/gig/amazing/lib/amazing/awesome.rb:37:in `connect': Connection refused - connect(2) (Errno::ECONNREFUSED)
	from /home/gig/amazing/lib/amazing/awesome.rb:37:in `__setup_socket__'
	from /home/gig/amazing/lib/amazing/awesome.rb:20:in `initialize'
	from /home/gig/amazing/lib/amazing/cli.rb:50:in `new'
	from /home/gig/amazing/lib/amazing/cli.rb:50:in `run'
	from /home/gig/amazing/bin/amazing:9
/home/gig/amazing/amazing: line 6:  6199 Terminated              ruby -I `dirname $0`/lib `dirname $0`/bin/amazing $*
/home/gig/amazing/amazing: line 6:  6527 Terminated              ruby -I `dirname $0`/lib `dirname $0`/bin/amazing $*
/home/gig/amazing/amazing: line 6:  6618 Terminated              ruby -I `dirname $0`/lib `dirname $0`/bin/amazing $*
/home/gig/amazing/amazing: line 6:  7570 Terminated              ruby -I `dirname $0`/lib `dirname $0`/bin/amazing $*
/home/gig/amazing/amazing: line 6: 10097 Terminated              ruby -I `dirname $0`/lib `dirname $0`/bin/amazing $*
/home/gig/amazing/amazing: line 6: 10265 Terminated              ruby -I `dirname $0`/lib `dirname $0`/bin/amazing $*
/home/gig/amazing/amazing: line 6: 10372 Terminated              ruby -I `dirname $0`/lib `dirname $0`/bin/amazing $*
/home/gig/amazing/amazing: line 6: 11603 Terminated              ruby -I `dirname $0`/lib `dirname $0`/bin/amazing $*
/home/gig/amazing/amazing: line 6:  4387 Terminated              ruby -I `dirname $0`/lib `dirname $0`/bin/amazing $*
/home/gig/amazing/amazing: line 6:  5692 Terminated              ruby -I `dirname $0`/lib `dirname $0`/bin/amazing $*
/home/gig/amazing/amazing: line 6: 13395 Terminated              ruby -I `dirname $0`/lib `dirname $0`/bin/amazing $*
/home/gig/amazing/amazing: line 6: 13561 Terminated              ruby -I `dirname $0`/lib `dirname $0`/bin/amazing $*
/home/gig/amazing/amazing: line 6: 19555 Terminated              ruby -I `dirname $0`/lib `dirname $0`/bin/amazing $*
/home/gig/amazing/amazing: line 6: 19653 Terminated              ruby -I `dirname $0`/lib `dirname $0`/bin/amazing $*
/home/gig/amazing/amazing: line 6: 16925 Terminated              ruby -I `dirname $0`/lib `dirname $0`/bin/amazing $*
/home/gig/amazing/amazing: line 6: 28202 Terminated              ruby -I `dirname $0`/lib `dirname $0`/bin/amazing $*
/home/gig/amazing/amazing: line 6: 28597 Terminated              ruby -I `dirname $0`/lib `dirname $0`/bin/amazing $*
/home/gig/amazing/amazing: line 6: 24085 Terminated              ruby -I `dirname $0`/lib `dirname $0`/bin/amazing $*
/home/gig/amazing/amazing: line 6:  4320 Terminated              ruby -I `dirname $0`/lib `dirname $0`/bin/amazing $*
/home/gig/amazing/amazing: line 6:  2608 Terminated              ruby -I `dirname $0`/lib `dirname $0`/bin/amazing $*
/home/gig/amazing/amazing: line 6:  3174 Terminated              ruby -I `dirname $0`/lib `dirname $0`/bin/amazing $*
/home/gig/amazing/amazing: line 6:  7611 Terminated              ruby -I `dirname $0`/lib `dirname $0`/bin/amazing $*
/home/gig/amazing/amazing: line 6:  7997 Terminated              ruby -I `dirname $0`/lib `dirname $0`/bin/amazing $*
/home/gig/amazing/amazing: line 6:  8377 Terminated              ruby -I `dirname $0`/lib `dirname $0`/bin/amazing $*
/home/gig/amazing/amazing: line 6:  4212 Terminated              ruby -I `dirname $0`/lib `dirname $0`/bin/amazing $*
/home/gig/amazing/amazing: line 6:  4093 Terminated              ruby -I `dirname $0`/lib `dirname $0`/bin/amazing $*
/home/gig/amazing/amazing: line 6:  9564 Terminated              ruby -I `dirname $0`/lib `dirname $0`/bin/amazing $*
/home/gig/amazing/amazing: line 6: 29320 Terminated              ruby -I `dirname $0`/lib `dirname $0`/bin/amazing $*
/home/gig/amazing/amazing: line 6:  6547 Terminated              ruby -I `dirname $0`/lib `dirname $0`/bin/amazing $*
/home/gig/amazing/amazing: line 6:  5069 Terminated              ruby -I `dirname $0`/lib `dirname $0`/bin/amazing $*
/home/gig/amazing/amazing: line 6:  5999 Terminated              ruby -I `dirname $0`/lib `dirname $0`/bin/amazing $*
/home/gig/amazing/amazing: line 6: 12045 Terminated              ruby -I `dirname $0`/lib `dirname $0`/bin/amazing $*
/home/gig/amazing/amazing: line 6:  6220 Terminated              ruby -I `dirname $0`/lib `dirname $0`/bin/amazing $*
/home/gig/amazing/amazing: line 6: 26343 Terminated              ruby -I `dirname $0`/lib `dirname $0`/bin/amazing $*
/home/gig/amazing/amazing: line 6:  3583 Terminated              ruby -I `dirname $0`/lib `dirname $0`/bin/amazing $*
/home/gig/amazing/amazing: line 6:  4043 Terminated              ruby -I `dirname $0`/lib `dirname $0`/bin/amazing $*
/home/gig/amazing/amazing: line 6:  4294 Terminated              ruby -I `dirname $0`/lib `dirname $0`/bin/amazing $*
/home/gig/amazing/amazing: line 6: 13927 Terminated              ruby -I `dirname $0`/lib `dirname $0`/bin/amazing $*
/home/gig/amazing/amazing: line 6: 14219 Terminated              ruby -I `dirname $0`/lib `dirname $0`/bin/amazing $*
/home/gig/amazing/amazing: line 6:  6016 Terminated              ruby -I `dirname $0`/lib `dirname $0`/bin/amazing $*
/home/gig/amazing/amazing: line 6:  8245 Terminated              ruby -I `dirname $0`/lib `dirname $0`/bin/amazing $*
/home/gig/amazing/lib/amazing/awesome.rb:37:in `connect': Connection refused - connect(2) (Errno::ECONNREFUSED)
	from /home/gig/amazing/lib/amazing/awesome.rb:37:in `__setup_socket__'
	from /home/gig/amazing/lib/amazing/awesome.rb:20:in `initialize'
	from /home/gig/amazing/lib/amazing/cli.rb:50:in `new'
	from /home/gig/amazing/lib/amazing/cli.rb:50:in `run'
	from /home/gig/amazing/bin/amazing:9
/home/gig/amazing/amazing: line 6:  8523 Terminated              ruby -I `dirname $0`/lib `dirname $0`/bin/amazing $*
/home/gig/amazing/amazing: line 6:  4506 Terminated              ruby -I `dirname $0`/lib `dirname $0`/bin/amazing $*
/home/gig/amazing/lib/amazing/awesome.rb:37:in `connect': Connection refused - connect(2) (Errno::ECONNREFUSED)
	from /home/gig/amazing/lib/amazing/awesome.rb:37:in `__setup_socket__'
	from /home/gig/amazing/lib/amazing/awesome.rb:20:in `initialize'
	from /home/gig/amazing/lib/amazing/cli.rb:50:in `new'
	from /home/gig/amazing/lib/amazing/cli.rb:50:in `run'
	from /home/gig/amazing/bin/amazing:9
/home/gig/.amazing/amazing: line 6:  4699 Terminated              ruby -I `dirname $0`/lib `dirname $0`/bin/amazing $*
/home/gig/.amazing/amazing: line 7: 18791 Terminated              ruby -I "$dir/lib" "$dir/bin/amazing" "$@"
/home/gig/.amazing/amazing: line 7: 12697 Terminated              ruby -I "$dir/lib" "$dir/bin/amazing" "$@"
/home/gig/.amazing/amazing: line 7:  6146 Terminated              ruby -I "$dir/lib" "$dir/bin/amazing" "$@"
